[debug] [2020-09-29T10:12:33.179Z] ----------------------------------------------------------------------
[debug] [2020-09-29T10:12:33.183Z] Command:       C:\Program Files\nodejs\node.exe C:\Users\wasim.hoque\AppData\Roaming\npm\node_modules\firebase-tools\lib\bin\firebase.js deploy
[debug] [2020-09-29T10:12:33.184Z] CLI Version:   8.10.0
[debug] [2020-09-29T10:12:33.184Z] Platform:      win32
[debug] [2020-09-29T10:12:33.184Z] Node Version:  v13.13.0
[debug] [2020-09-29T10:12:33.185Z] Time:          Tue Sep 29 2020 15:42:33 GMT+0530 (India Standard Time)
[debug] [2020-09-29T10:12:33.186Z] ----------------------------------------------------------------------
[debug] [2020-09-29T10:12:33.186Z] 
[debug] [2020-09-29T10:12:33.205Z] > command requires scopes: ["email","openid","https://www.googleapis.com/auth/cloudplatformprojects.readonly","https://www.googleapis.com/auth/firebase","https://www.googleapis.com/auth/cloud-platform"]
[debug] [2020-09-29T10:12:33.208Z] > authorizing via signed-in user
[debug] [2020-09-29T10:12:33.208Z] [iam] checking project norhea-news for permissions ["firebase.projects.get","firebasehosting.sites.update"]
[debug] [2020-09-29T10:12:33.214Z] >>> HTTP REQUEST POST https://cloudresourcemanager.googleapis.com/v1/projects/norhea-news:testIamPermissions  
 {"permissions":["firebase.projects.get","firebasehosting.sites.update"]}
[debug] [2020-09-29T10:12:33.733Z] <<< HTTP RESPONSE 200 {"content-type":"application/json; charset=UTF-8","vary":"X-Origin, Referer, Origin,Accept-Encoding","date":"Tue, 29 Sep 2020 10:13:43 GMT","server":"ESF","cache-control":"private","x-xss-protection":"0","x-frame-options":"SAMEORIGIN","x-content-type-options":"nosniff","server-timing":"gfet4t7; dur=261","alt-svc":"h3-Q050=\":443\"; ma=2592000,h3-29=\":443\"; ma=2592000,h3-27=\":443\"; ma=2592000,h3-T051=\":443\"; ma=2592000,h3-T050=\":443\"; ma=2592000,h3-Q046=\":443\"; ma=2592000,h3-Q043=\":443\"; ma=2592000,quic=\":443\"; ma=2592000; v=\"46,43\"","accept-ranges":"none","transfer-encoding":"chunked"}
[debug] [2020-09-29T10:12:33.736Z] >>> HTTP REQUEST GET https://firebase.googleapis.com/v1beta1/projects/norhea-news  
 
[debug] [2020-09-29T10:12:34.168Z] <<< HTTP RESPONSE 200 {"content-type":"application/json; charset=UTF-8","vary":"X-Origin, Referer, Origin,Accept-Encoding","date":"Tue, 29 Sep 2020 10:13:43 GMT","server":"ESF","cache-control":"private","x-xss-protection":"0","x-frame-options":"SAMEORIGIN","x-content-type-options":"nosniff","alt-svc":"h3-Q050=\":443\"; ma=2592000,h3-29=\":443\"; ma=2592000,h3-27=\":443\"; ma=2592000,h3-T051=\":443\"; ma=2592000,h3-T050=\":443\"; ma=2592000,h3-Q046=\":443\"; ma=2592000,h3-Q043=\":443\"; ma=2592000,quic=\":443\"; ma=2592000; v=\"46,43\"","accept-ranges":"none","transfer-encoding":"chunked"}
[info] 
[info] === Deploying to 'norhea-news'...
[info] 
[info] i  deploying hosting 
[debug] [2020-09-29T10:12:34.184Z] >>> HTTP REQUEST POST https://firebasehosting.googleapis.com/v1beta1/sites/norhea-news/versions  
 {"config":{"rewrites":[{"glob":"**","path":"/index.html"}]},"labels":{"deployment-tool":"cli-firebase"}}
[debug] [2020-09-29T10:12:36.318Z] <<< HTTP RESPONSE 200 {"content-type":"application/json; charset=UTF-8","vary":"X-Origin, Referer, Origin,Accept-Encoding","date":"Tue, 29 Sep 2020 10:13:46 GMT","server":"ESF","cache-control":"private","x-xss-protection":"0","x-frame-options":"SAMEORIGIN","x-content-type-options":"nosniff","alt-svc":"h3-Q050=\":443\"; ma=2592000,h3-29=\":443\"; ma=2592000,h3-27=\":443\"; ma=2592000,h3-T051=\":443\"; ma=2592000,h3-T050=\":443\"; ma=2592000,h3-Q046=\":443\"; ma=2592000,h3-Q043=\":443\"; ma=2592000,quic=\":443\"; ma=2592000; v=\"46,43\"","accept-ranges":"none","transfer-encoding":"chunked"}
[info] i  hosting[norhea-news]: beginning deploy... 
[info] i  hosting[norhea-news]: found 20 files in build 
[debug] [2020-09-29T10:12:36.701Z] [hosting] hash cache [YnVpbGQ] stored for 20 files
[debug] [2020-09-29T10:12:36.702Z] [hosting][hash queue][FINAL] {"max":257,"min":43,"avg":96.39999999999999,"active":0,"complete":20,"success":20,"errored":0,"retried":0,"total":20,"elapsed":323}
[debug] [2020-09-29T10:12:36.702Z] >>> HTTP REQUEST POST https://firebasehosting.googleapis.com/v1beta1/sites/norhea-news/versions/97745a07492d062d:populateFiles  
 <request body omitted>
